AH00558: httpd.exe: Could not reliably determine the server's fully qualified domain name, using fe80::b4dd:82f5:cf8a:7664. Set the 'ServerName' directive globally to suppress this message
[Sat Apr 27 14:50:21.841838 2024] [mpm_winnt:notice] [pid 484:tid 368] AH00455: Apache/2.4.59 (Win64) configured -- resuming normal operations
[Sat Apr 27 14:50:21.845838 2024] [mpm_winnt:notice] [pid 484:tid 368] AH00456: Apache Lounge VS17 Server built: Apr  4 2024 15:03:17
[Sat Apr 27 14:50:21.845838 2024] [core:notice] [pid 484:tid 368] AH00094: Command line: 'C:\\apache24\\bin\\httpd.exe -d C:/Apache24'
[Sat Apr 27 14:50:21.863832 2024] [mpm_winnt:notice] [pid 484:tid 368] AH00418: Parent: Created child process 8604
AH00558: httpd.exe: Could not reliably determine the server's fully qualified domain name, using fe80::b4dd:82f5:cf8a:7664. Set the 'ServerName' directive globally to suppress this message
Apache server interrupted...
 reliably determine the server's fully qualified domain name, using fe80::b4dd:82f5:cf8a:7664. Set the 'ServerName' directive globally to suppress this message
[Sat Apr 27 14:50:23.959649 2024] [mpm_winnt:notice] [pid 8604:tid 384] AH00354: Child: Starting 64 worker threads.
[Sat Apr 27 15:15:38.586845 2024] [mpm_winnt:notice] [pid 484:tid 368] AH00422: Parent: Received shutdown signal -- Shutting down the server.
Apache server interrupted...
Apache server interrupted...
Apache server interrupted...
Apache server interrupted...
Apache server interrupted...
Apache server interrupted...
Apache server interrupted...
Apache server interrupted...
Apache server interrupted...
Apache server interrupted...
Apache server interrupted...
Apache server interrupted...
Apache server interrupted...
Apache server interrupted...
Apache server interrupted...
Apache server interrupted...
Apache server interrupted...
Apache server interrupted...
Apache server interrupted...
Apache server interrupted...
Apache server interrupted...
Apache server interrupted...
Apache server interrupted...
Apache server interrupted...
Apache server interrupted...
Apache server interrupted...
Apache server interrupted...
Apache server interrupted...
Apache server interrupted...
[Sat Apr 27 15:16:08.599612 2024] [mpm_winnt:notice] [pid 484:tid 368] AH00431: Parent: Forcing termination of child process 8604
AH00558: httpd.exe: Could not reliably determine the server's fully qualified domain name, using fe80::b4dd:82f5:cf8a:7664. Set the 'ServerName' directive globally to suppress this message
[Sat Apr 27 15:16:47.958224 2024] [mpm_winnt:notice] [pid 7284:tid 372] AH00455: Apache/2.4.59 (Win64) configured -- resuming normal operations
[Sat Apr 27 15:16:47.958224 2024] [mpm_winnt:notice] [pid 7284:tid 372] AH00456: Apache Lounge VS17 Server built: Apr  4 2024 15:03:17
[Sat Apr 27 15:16:47.959233 2024] [core:notice] [pid 7284:tid 372] AH00094: Command line: 'C:\\apache24\\bin\\httpd.exe -d C:/Apache24'
[Sat Apr 27 15:16:47.971220 2024] [mpm_winnt:notice] [pid 7284:tid 372] AH00418: Parent: Created child process 6072
AH00558: httpd.exe: Could not reliably determine the server's fully qualified domain name, using fe80::b4dd:82f5:cf8a:7664. Set the 'ServerName' directive globally to suppress this message
AH00558: httpd.exe: Could not reliably determine the server's fully qualified domain name, using fe80::b4dd:82f5:cf8a:7664. Set the 'ServerName' directive globally to suppress this message
[Sat Apr 27 15:16:50.255134 2024] [mpm_winnt:notice] [pid 6072:tid 352] AH00354: Child: Starting 64 worker threads.
The 'Apache2.4' service is restarting.
Starting the 'Apache2.4' service
The 'Apache2.4' service is running.
ly determine the server's fully qualified domain name, using fe80::b4dd:82f5:cf8a:7664. Set the 'ServerName' directive globally to suppress this message
[Thu Nov 28 14:49:37.297930 2024] [core:warn] [pid 17636:tid 352] AH00098: pid file C:/Apache24/logs/httpd.pid overwritten -- Unclean shutdown of previous Apache run?
[Thu Nov 28 14:49:37.306320 2024] [mpm_winnt:notice] [pid 17636:tid 352] AH00455: Apache/2.4.59 (Win64) configured -- resuming normal operations
[Thu Nov 28 14:49:37.306320 2024] [mpm_winnt:notice] [pid 17636:tid 352] AH00456: Apache Lounge VS17 Server built: Apr  4 2024 15:03:17
[Thu Nov 28 14:49:37.306320 2024] [core:notice] [pid 17636:tid 352] AH00094: Command line: 'C:\\Apache24\\bin\\httpd.exe -d C:/Apache24'
[Thu Nov 28 14:49:37.314318 2024] [mpm_winnt:notice] [pid 17636:tid 352] AH00418: Parent: Created child process 16628
AH00558: httpd.exe: Could not reliably determine the server's fully qualified domain name, using fe80::b4dd:82f5:cf8a:7664. Set the 'ServerName' directive globally to suppress this message
AH00558: httpd.exe: Could not reliably determine the server's fully qualified domain name, using fe80::b4dd:82f5:cf8a:7664. Set the 'ServerName' directive globally to suppress this message
[Thu Nov 28 14:49:39.450269 2024] [mpm_winnt:notice] [pid 16628:tid 368] AH00354: Child: Starting 64 worker threads.
